<?xml version="1.0" encoding="UTF-8"?>
<!-- Generated by org.testng.reporters.JUnitReportReporter -->
<testsuite skipped="0" hostname="NODLTP52066174" name="sel.sel.calculatelink" tests="1" failures="0" timestamp="2020-10-07T18:23:54 IST" time="5.580" errors="0">
  <testcase name="count" time="5.580" classname="sel.sel.calculatelink"/>
  <system-out/>
</testsuite> <!-- sel.sel.calculatelink -->
