<?xml version="1.0" encoding="UTF-8"?>
<!-- Generated by org.testng.reporters.JUnitReportReporter -->
<testsuite skipped="0" hostname="NODLTP52066174" name="sel.sel.fileupload" tests="1" failures="0" timestamp="2020-11-18T16:44:03 IST" time="8.332" errors="0">
  <testcase name="file" time="8.332" classname="sel.sel.fileupload"/>
  <system-out/>
</testsuite> <!-- sel.sel.fileupload -->
